<?xml version="1.0" encoding="UTF-8"?>
<testsuite xmlns:xsi="http://www.w3.org/2001/XMLSchema-instance" xsi:noNamespaceSchemaLocation="https://maven.apache.org/surefire/maven-surefire-plugin/xsd/surefire-test-report-3.0.xsd" version="3.0" name="ProductsTest" time="19.371" tests="7" errors="0" skipped="6" failures="0">
  <properties>
[...]
</properties>
  <testcase name="testBuyLoginOn" classname="ProductsTest" time="0">
    <skipped message="public void ProductsTest.testBuyLoginOn() is @Disabled"/>
  </testcase>
  <testcase name="testaddToCart" classname="ProductsTest" time="0">
    <skipped message="public void ProductsTest.testaddToCart() is @Disabled"/>
  </testcase>
  <testcase name="testViewProduct" classname="ProductsTest" time="0">
    <skipped message="public void ProductsTest.testViewProduct() is @Disabled"/>
  </testcase>
  <testcase name="testBuyMenPage" classname="ProductsTest" time="0">
    <skipped message="public void ProductsTest.testBuyMenPage() is @Disabled"/>
  </testcase>
  <testcase name="testBuyWithoutLogin" classname="ProductsTest" time="0">
    <skipped message="public void ProductsTest.testBuyWithoutLogin() is @Disabled"/>
  </testcase>
  <testcase name="testBuyWomenPage" classname="ProductsTest" time="0">
    <skipped message="public void ProductsTest.testBuyWomenPage() is @Disabled"/>
  </testcase>
  <testcase name="testBuyKidsPage" classname="ProductsTest" time="19.365">
    <system-out><![CDATA[Abrindo navegador...
]]></system-out>
    <system-err><![CDATA[SLF4J(W): No SLF4J providers were found.
SLF4J(W): Defaulting to no-operation (NOP) logger implementation
SLF4J(W): See https://www.slf4j.org/codes.html#noProviders for further details.
]]></system-err>
  </testcase>
</testsuite>